# JRE version: Java(TM) SE Runtime Environment (8.0_201-b09) (build 1.8.0_201-b09)
# Java VM: Java HotSpot(TM) 64-Bit Server VM (25.201-b09 mixed mode linux-amd64 compressed oops)
Heap:
 PSYoungGen      total 267776K, used 65392K [0x000000076d380000, 0x000000077e480000, 0x00000007c0000000)
  eden space 257536K, 23% used [0x000000076d380000,0x0000000770f4e388,0x000000077cf00000)
  from space 10240K, 40% used [0x000000077d980000,0x000000077dd8dff0,0x000000077e380000)
  to   space 10752K, 0% used [0x000000077cf00000,0x000000077cf00000,0x000000077d980000)
 ParOldGen       total 171008K, used 119250K [0x00000006c7a00000, 0x00000006d2100000, 0x000000076d380000)
  object space 171008K, 69% used [0x00000006c7a00000,0x00000006cee74880,0x00000006d2100000)
 Metaspace       used 13662K, capacity 13826K, committed 14080K, reserved 1062912K
  class space    used 1377K, capacity 1447K, committed 1536K, reserved 1048576K
GC Heap History (10 events):
Event: 0,981 GC heap before
{Heap before GC invocations=2 (full 0):
 PSYoungGen      total 74752K, used 70332K [0x000000076d380000, 0x0000000772680000, 0x00000007c0000000)
  eden space 64512K, 100% used [0x000000076d380000,0x0000000771280000,0x0000000771280000)
  from space 10240K, 56% used [0x0000000771280000,0x000000077182f0e0,0x0000000771c80000)
  to   space 10240K, 0% used [0x0000000771c80000,0x0000000771c80000,0x0000000772680000)
 ParOldGen       total 171008K, used 97368K [0x00000006c7a00000, 0x00000006d2100000, 0x000000076d380000)
  object space 171008K, 56% used [0x00000006c7a00000,0x00000006cd916020,0x00000006d2100000)
 Metaspace       used 12896K, capacity 13090K, committed 13312K, reserved 1060864K
  class space    used 1326K, capacity 1415K, committed 1536K, reserved 1048576K
Event: 0,993 GC heap after
Heap after GC invocations=2 (full 0):
 PSYoungGen      total 74752K, used 8427K [0x000000076d380000, 0x0000000776580000, 0x00000007c0000000)
  eden space 64512K, 0% used [0x000000076d380000,0x000000076d380000,0x0000000771280000)
  from space 10240K, 82% used [0x0000000771c80000,0x00000007724bac70,0x0000000772680000)
  to   space 10240K, 0% used [0x0000000771280000,0x0000000771280000,0x0000000771c80000)
 ParOldGen       total 171008K, used 119218K [0x00000006c7a00000, 0x00000006d2100000, 0x000000076d380000)
  object space 171008K, 69% used [0x00000006c7a00000,0x00000006cee6c880,0x00000006d2100000)
 Metaspace       used 12896K, capacity 13090K, committed 13312K, reserved 1060864K
  class space    used 1326K, capacity 1415K, committed 1536K, reserved 1048576K
}
Event: 1,125 GC heap before
{Heap before GC invocations=3 (full 0):
 PSYoungGen      total 74752K, used 72939K [0x000000076d380000, 0x0000000776580000, 0x00000007c0000000)
  eden space 64512K, 100% used [0x000000076d380000,0x0000000771280000,0x0000000771280000)
  from space 10240K, 82% used [0x0000000771c80000,0x00000007724bac70,0x0000000772680000)
  to   space 10240K, 0% used [0x0000000771280000,0x0000000771280000,0x0000000771c80000)
 ParOldGen       total 171008K, used 119218K [0x00000006c7a00000, 0x00000006d2100000, 0x000000076d380000)
  object space 171008K, 69% used [0x00000006c7a00000,0x00000006cee6c880,0x00000006d2100000)
 Metaspace       used 12902K, capacity 13090K, committed 13312K, reserved 1060864K
  class space    used 1326K, capacity 1415K, committed 1536K, reserved 1048576K
Event: 1,132 GC heap after
Heap after GC invocations=3 (full 0):
 PSYoungGen      total 74752K, used 8459K [0x000000076d380000, 0x0000000776580000, 0x00000007c0000000)
  eden space 64512K, 0% used [0x000000076d380000,0x000000076d380000,0x0000000771280000)
  from space 10240K, 82% used [0x0000000771280000,0x0000000771ac2c90,0x0000000771c80000)
  to   space 10240K, 0% used [0x0000000775b80000,0x0000000775b80000,0x0000000776580000)
 ParOldGen       total 171008K, used 119226K [0x00000006c7a00000, 0x00000006d2100000, 0x000000076d380000)
  object space 171008K, 69% used [0x00000006c7a00000,0x00000006cee6e880,0x00000006d2100000)
 Metaspace       used 12902K, capacity 13090K, committed 13312K, reserved 1060864K
  class space    used 1326K, capacity 1415K, committed 1536K, reserved 1048576K
}
Event: 1,210 GC heap before
{Heap before GC invocations=4 (full 0):
 PSYoungGen      total 74752K, used 72971K [0x000000076d380000, 0x0000000776580000, 0x00000007c0000000)
  eden space 64512K, 100% used [0x000000076d380000,0x0000000771280000,0x0000000771280000)
  from space 10240K, 82% used [0x0000000771280000,0x0000000771ac2c90,0x0000000771c80000)
  to   space 10240K, 0% used [0x0000000775b80000,0x0000000775b80000,0x0000000776580000)
 ParOldGen       total 171008K, used 119226K [0x00000006c7a00000, 0x00000006d2100000, 0x000000076d380000)
  object space 171008K, 69% used [0x00000006c7a00000,0x00000006cee6e880,0x00000006d2100000)
 Metaspace       used 12905K, capacity 13090K, committed 13312K, reserved 1060864K
  class space    used 1326K, capacity 1415K, committed 1536K, reserved 1048576K
Event: 1,218 GC heap after
Heap after GC invocations=4 (full 0):
 PSYoungGen      total 139264K, used 8395K [0x000000076d380000, 0x0000000776580000, 0x00000007c0000000)
  eden space 129024K, 0% used [0x000000076d380000,0x000000076d380000,0x0000000775180000)
  from space 10240K, 81% used [0x0000000775b80000,0x00000007763b2c90,0x0000000776580000)
  to   space 10240K, 0% used [0x0000000775180000,0x0000000775180000,0x0000000775b80000)
 ParOldGen       total 171008K, used 119234K [0x00000006c7a00000, 0x00000006d2100000, 0x000000076d380000)
  object space 171008K, 69% used [0x00000006c7a00000,0x00000006cee70880,0x00000006d2100000)
 Metaspace       used 12905K, capacity 13090K, committed 13312K, reserved 1060864K
  class space    used 1326K, capacity 1415K, committed 1536K, reserved 1048576K
}
Event: 1,358 GC heap before
{Heap before GC invocations=5 (full 0):
 PSYoungGen      total 139264K, used 137419K [0x000000076d380000, 0x0000000776580000, 0x00000007c0000000)
  eden space 129024K, 100% used [0x000000076d380000,0x0000000775180000,0x0000000775180000)
  from space 10240K, 81% used [0x0000000775b80000,0x00000007763b2c90,0x0000000776580000)
  to   space 10240K, 0% used [0x0000000775180000,0x0000000775180000,0x0000000775b80000)
 ParOldGen       total 171008K, used 119234K [0x00000006c7a00000, 0x00000006d2100000, 0x000000076d380000)
  object space 171008K, 69% used [0x00000006c7a00000,0x00000006cee70880,0x00000006d2100000)
 Metaspace       used 12905K, capacity 13090K, committed 13312K, reserved 1060864K
  class space    used 1326K, capacity 1415K, committed 1536K, reserved 1048576K
Event: 1,362 GC heap after
Heap after GC invocations=5 (full 0):
 PSYoungGen      total 139264K, used 8427K [0x000000076d380000, 0x000000077e380000, 0x00000007c0000000)
  eden space 129024K, 0% used [0x000000076d380000,0x000000076d380000,0x0000000775180000)
  from space 10240K, 82% used [0x0000000775180000,0x00000007759bac70,0x0000000775b80000)
  to   space 10240K, 0% used [0x000000077d980000,0x000000077d980000,0x000000077e380000)
 ParOldGen       total 171008K, used 119242K [0x00000006c7a00000, 0x00000006d2100000, 0x000000076d380000)
  object space 171008K, 69% used [0x00000006c7a00000,0x00000006cee72880,0x00000006d2100000)
 Metaspace       used 12905K, capacity 13090K, committed 13312K, reserved 1060864K
  class space    used 1326K, capacity 1415K, committed 1536K, reserved 1048576K
}
Event: 1,679 GC heap before
{Heap before GC invocations=6 (full 0):
 PSYoungGen      total 139264K, used 137451K [0x000000076d380000, 0x000000077e380000, 0x00000007c0000000)
  eden space 129024K, 100% used [0x000000076d380000,0x0000000775180000,0x0000000775180000)
  from space 10240K, 82% used [0x0000000775180000,0x00000007759bac70,0x0000000775b80000)
  to   space 10240K, 0% used [0x000000077d980000,0x000000077d980000,0x000000077e380000)
 ParOldGen       total 171008K, used 119242K [0x00000006c7a00000, 0x00000006d2100000, 0x000000076d380000)
  object space 171008K, 69% used [0x00000006c7a00000,0x00000006cee72880,0x00000006d2100000)
 Metaspace       used 13426K, capacity 13602K, committed 13824K, reserved 1060864K
  class space    used 1368K, capacity 1415K, committed 1536K, reserved 1048576K
Event: 1,685 GC heap after
Heap after GC invocations=6 (full 0):
 PSYoungGen      total 267776K, used 4151K [0x000000076d380000, 0x000000077e480000, 0x00000007c0000000)
  eden space 257536K, 0% used [0x000000076d380000,0x000000076d380000,0x000000077cf00000)
  from space 10240K, 40% used [0x000000077d980000,0x000000077dd8dff0,0x000000077e380000)
  to   space 10752K, 0% used [0x000000077cf00000,0x000000077cf00000,0x000000077d980000)
 ParOldGen       total 171008K, used 119250K [0x00000006c7a00000, 0x00000006d2100000, 0x000000076d380000)
  object space 171008K, 69% used [0x00000006c7a00000,0x00000006cee74880,0x00000006d2100000)
 Metaspace       used 13426K, capacity 13602K, committed 13824K, reserved 1060864K
  class space    used 1368K, capacity 1415K, committed 1536K, reserved 1048576K
}

